0 info it worked if it ends with ok
1 verbose cli [ 'node',
1 verbose cli   '/usr/local/bin/npm',
1 verbose cli   'install',
1 verbose cli   '--save-dev',
1 verbose cli   'gulp-minify-coffee' ]
2 info using npm@1.4.28
3 info using node@v0.10.33
4 warn package.json cz.pycon.org@ No repository field.
5 warn package.json cz.pycon.org@ No README data
6 verbose readDependencies using package.json deps
7 verbose cache add [ 'gulp-minify-coffee', null ]
8 verbose cache add name=undefined spec="gulp-minify-coffee" args=["gulp-minify-coffee",null]
9 verbose parsed url { protocol: null,
9 verbose parsed url   slashes: null,
9 verbose parsed url   auth: null,
9 verbose parsed url   host: null,
9 verbose parsed url   port: null,
9 verbose parsed url   hostname: null,
9 verbose parsed url   hash: null,
9 verbose parsed url   search: null,
9 verbose parsed url   query: null,
9 verbose parsed url   pathname: 'gulp-minify-coffee',
9 verbose parsed url   path: 'gulp-minify-coffee',
9 verbose parsed url   href: 'gulp-minify-coffee' }
10 silly lockFile 06884666-gulp-minify-coffee gulp-minify-coffee
11 verbose lock gulp-minify-coffee /Users/stano/.npm/06884666-gulp-minify-coffee.lock
12 silly lockFile 06884666-gulp-minify-coffee gulp-minify-coffee
13 silly lockFile 06884666-gulp-minify-coffee gulp-minify-coffee
14 verbose addNamed [ 'gulp-minify-coffee', '' ]
15 verbose addNamed [ null, '*' ]
16 silly lockFile d2958a85-gulp-minify-coffee gulp-minify-coffee@
17 verbose lock gulp-minify-coffee@ /Users/stano/.npm/d2958a85-gulp-minify-coffee.lock
18 silly addNameRange { name: 'gulp-minify-coffee', range: '*', hasData: false }
19 verbose request where is /gulp-minify-coffee
20 verbose request registry https://registry.npmjs.org/
21 verbose request id 7ad32cfa699b21fd
22 verbose url raw /gulp-minify-coffee
23 verbose url resolving [ 'https://registry.npmjs.org/', './gulp-minify-coffee' ]
24 verbose url resolved https://registry.npmjs.org/gulp-minify-coffee
25 verbose request where is https://registry.npmjs.org/gulp-minify-coffee
26 info trying registry request attempt 1 at 14:35:11
27 http GET https://registry.npmjs.org/gulp-minify-coffee
28 http 404 https://registry.npmjs.org/gulp-minify-coffee
29 verbose headers { server: 'CouchDB/1.5.0 (Erlang OTP/R16B03)',
29 verbose headers   'content-type': 'application/json',
29 verbose headers   'cache-control': 'max-age=0',
29 verbose headers   'content-length': '51',
29 verbose headers   'accept-ranges': 'bytes',
29 verbose headers   date: 'Sun, 02 Aug 2015 12:34:33 GMT',
29 verbose headers   via: '1.1 varnish',
29 verbose headers   age: '0',
29 verbose headers   connection: 'keep-alive',
29 verbose headers   'x-served-by': 'cache-lcy1122-LCY',
29 verbose headers   'x-cache': 'MISS',
29 verbose headers   'x-cache-hits': '0',
29 verbose headers   'x-timer': 'S1438518873.306002,VS0,VE171' }
30 silly registry.get cb [ 404,
30 silly registry.get   { server: 'CouchDB/1.5.0 (Erlang OTP/R16B03)',
30 silly registry.get     'content-type': 'application/json',
30 silly registry.get     'cache-control': 'max-age=0',
30 silly registry.get     'content-length': '51',
30 silly registry.get     'accept-ranges': 'bytes',
30 silly registry.get     date: 'Sun, 02 Aug 2015 12:34:33 GMT',
30 silly registry.get     via: '1.1 varnish',
30 silly registry.get     age: '0',
30 silly registry.get     connection: 'keep-alive',
30 silly registry.get     'x-served-by': 'cache-lcy1122-LCY',
30 silly registry.get     'x-cache': 'MISS',
30 silly registry.get     'x-cache-hits': '0',
30 silly registry.get     'x-timer': 'S1438518873.306002,VS0,VE171' } ]
31 silly lockFile d2958a85-gulp-minify-coffee gulp-minify-coffee@
32 silly lockFile d2958a85-gulp-minify-coffee gulp-minify-coffee@
33 error 404 404 Not Found: gulp-minify-coffee
33 error 404
33 error 404 'gulp-minify-coffee' is not in the npm registry.
33 error 404 You should bug the author to publish it
33 error 404 It was specified as a dependency of 'cz.pycon.org'
33 error 404
33 error 404 Note that you can also install from a
33 error 404 tarball, folder, or http url, or git url.
34 error System Darwin 14.4.0
35 error command "node" "/usr/local/bin/npm" "install" "--save-dev" "gulp-minify-coffee"
36 error cwd /Users/stano/proj/opensource/cz.pycon.org-2015/static
37 error node -v v0.10.33
38 error npm -v 1.4.28
39 error code E404
40 verbose exit [ 1, true ]
